2019-06-15 16:18:37,758 [INFO] from play.api.http.EnabledFilters in play-dev-mode-akka.actor.default-dispatcher-3 - Enabled Filters (see <https://www.playframework.com/documentation/latest/Filters>):

    play.filters.csrf.CSRFFilter
    play.filters.headers.SecurityHeadersFilter
    play.filters.hosts.AllowedHostsFilter

2019-06-15 16:18:38,467 [INFO] from play.api.Play in play-dev-mode-akka.actor.default-dispatcher-3 - Application started (Dev) (no global state)
2019-06-15 16:19:04,103 [INFO] from play.api.http.EnabledFilters in play-dev-mode-akka.actor.default-dispatcher-4 - Enabled Filters (see <https://www.playframework.com/documentation/latest/Filters>):

    play.filters.csrf.CSRFFilter
    play.filters.headers.SecurityHeadersFilter
    play.filters.hosts.AllowedHostsFilter

2019-06-15 16:19:04,125 [INFO] from play.api.Play in play-dev-mode-akka.actor.default-dispatcher-4 - Application started (Dev) (no global state)
2019-06-15 16:19:31,649 [INFO] from play.api.http.EnabledFilters in play-dev-mode-akka.actor.default-dispatcher-2 - Enabled Filters (see <https://www.playframework.com/documentation/latest/Filters>):

    play.filters.csrf.CSRFFilter
    play.filters.headers.SecurityHeadersFilter
    play.filters.hosts.AllowedHostsFilter

2019-06-15 16:19:31,673 [INFO] from play.api.Play in play-dev-mode-akka.actor.default-dispatcher-2 - Application started (Dev) (no global state)
2019-06-15 16:20:16,766 [INFO] from play.api.http.EnabledFilters in play-dev-mode-akka.actor.default-dispatcher-6 - Enabled Filters (see <https://www.playframework.com/documentation/latest/Filters>):

    play.filters.csrf.CSRFFilter
    play.filters.headers.SecurityHeadersFilter
    play.filters.hosts.AllowedHostsFilter

2019-06-15 16:20:16,787 [INFO] from play.api.Play in play-dev-mode-akka.actor.default-dispatcher-6 - Application started (Dev) (no global state)
2019-06-15 16:22:03,064 [INFO] from play.api.http.EnabledFilters in play-dev-mode-akka.actor.default-dispatcher-34 - Enabled Filters (see <https://www.playframework.com/documentation/latest/Filters>):

    play.filters.csrf.CSRFFilter
    play.filters.headers.SecurityHeadersFilter
    play.filters.hosts.AllowedHostsFilter

2019-06-15 16:22:03,125 [INFO] from play.api.Play in play-dev-mode-akka.actor.default-dispatcher-34 - Application started (Dev) (no global state)
2019-06-15 16:22:12,957 [WARN] from akka.actor.ActorSystemImpl in play-dev-mode-akka.actor.default-dispatcher-39 - Illegal request, responding with status '400 Bad Request': Illegal request-target: Invalid input '[', expected segment, '/', '?' or 'EOI' (line 1, column 54): /assets//node_modules/@webcomponents/webcomponentsjs/[synthetic:util/defineproperty]
                                                     ^
2019-06-15 16:22:13,106 [WARN] from akka.actor.ActorSystemImpl in play-dev-mode-akka.actor.default-dispatcher-34 - Illegal request, responding with status '400 Bad Request': Illegal request-target: Invalid input '[', expected segment, '/', '?' or 'EOI' (line 1, column 54): /assets//node_modules/@webcomponents/webcomponentsjs/[synthetic:util/global]
                                                     ^
2019-06-15 16:22:57,545 [ERROR] from application in play-dev-mode-akka.actor.default-dispatcher-36 - 

! @7c7mln2il - Internal server error, for (GET) [/] ->
 
play.sbt.PlayExceptions$CompilationException: Compilation error[not found: value webcomponents]
	at play.sbt.PlayExceptions$CompilationException$.apply(PlayExceptions.scala:37)
	at play.sbt.PlayExceptions$CompilationException$.apply(PlayExceptions.scala:37)
	at scala.Option.map(Option.scala:146)
	at play.sbt.run.PlayReload$.$anonfun$taskFailureHandler$1(PlayReload.scala:41)
	at scala.Option.map(Option.scala:146)
	at play.sbt.run.PlayReload$.taskFailureHandler(PlayReload.scala:36)
	at play.sbt.run.PlayReload$.compileFailure(PlayReload.scala:29)
	at play.sbt.run.PlayReload$.$anonfun$compile$3(PlayReload.scala:64)
	at scala.util.Either$LeftProjection.map(Either.scala:569)
	at play.sbt.run.PlayReload$.compile(PlayReload.scala:64)
	at play.sbt.run.PlayRun$.$anonfun$playRunTask$4(PlayRun.scala:80)
	at play.runsupport.Reloader.$anonfun$reload$1(Reloader.scala:501)
	at play.runsupport.Reloader$$anon$1.run(Reloader.scala:58)
	at java.base/java.security.AccessController.doPrivileged(Native Method)
	at play.runsupport.Reloader$.play$runsupport$Reloader$$withReloaderContextClassLoader(Reloader.scala:64)
	at play.runsupport.Reloader.reload(Reloader.scala:501)
	at play.core.server.DevServerStart$$anon$1.get(DevServerStart.scala:143)
	at play.core.server.AkkaHttpServer.handleRequest(AkkaHttpServer.scala:304)
	at play.core.server.AkkaHttpServer.$anonfun$createServerBinding$1(AkkaHttpServer.scala:189)
	at akka.stream.impl.fusing.MapAsync$$anon$30.onPush(Ops.scala:1262)
	at akka.stream.impl.fusing.GraphInterpreter.processPush(GraphInterpreter.scala:523)
	at akka.stream.impl.fusing.GraphInterpreter.execute(GraphInterpreter.scala:409)
	at akka.stream.impl.fusing.GraphInterpreterShell.runBatch(ActorGraphInterpreter.scala:599)
	at akka.stream.impl.fusing.GraphInterpreterShell$AsyncInput.execute(ActorGraphInterpreter.scala:480)
	at akka.stream.impl.fusing.GraphInterpreterShell.processEvent(ActorGraphInterpreter.scala:574)
	at akka.stream.impl.fusing.ActorGraphInterpreter.akka$stream$impl$fusing$ActorGraphInterpreter$$processEvent(ActorGraphInterpreter.scala:742)
	at akka.stream.impl.fusing.ActorGraphInterpreter$$anonfun$receive$1.applyOrElse(ActorGraphInterpreter.scala:757)
	at akka.actor.Actor.aroundReceive(Actor.scala:539)
	at akka.actor.Actor.aroundReceive$(Actor.scala:537)
	at akka.stream.impl.fusing.ActorGraphInterpreter.aroundReceive(ActorGraphInterpreter.scala:664)
	at akka.actor.ActorCell.receiveMessage(ActorCell.scala:610)
	at akka.actor.ActorCell.invoke(ActorCell.scala:579)
	at akka.dispatch.Mailbox.processMailbox(Mailbox.scala:268)
	at akka.dispatch.Mailbox.run(Mailbox.scala:229)
	at akka.dispatch.Mailbox.exec(Mailbox.scala:241)
	at akka.dispatch.forkjoin.ForkJoinTask.doExec(ForkJoinTask.java:260)
	at akka.dispatch.forkjoin.ForkJoinPool$WorkQueue.runTask(ForkJoinPool.java:1339)
	at akka.dispatch.forkjoin.ForkJoinPool.runWorker(ForkJoinPool.java:1979)
	at akka.dispatch.forkjoin.ForkJoinWorkerThread.run(ForkJoinWorkerThread.java:107)
2019-06-15 16:22:59,203 [ERROR] from application in play-dev-mode-akka.actor.default-dispatcher-35 - 

! @7c7mln58l - Internal server error, for (GET) [/assets//codemirror/mode/javascript/javascript.js] ->
 
play.sbt.PlayExceptions$CompilationException: Compilation error[not found: value webcomponents]
	at play.sbt.PlayExceptions$CompilationException$.apply(PlayExceptions.scala:37)
	at play.sbt.PlayExceptions$CompilationException$.apply(PlayExceptions.scala:37)
	at scala.Option.map(Option.scala:146)
	at play.sbt.run.PlayReload$.$anonfun$taskFailureHandler$1(PlayReload.scala:41)
	at scala.Option.map(Option.scala:146)
	at play.sbt.run.PlayReload$.taskFailureHandler(PlayReload.scala:36)
	at play.sbt.run.PlayReload$.compileFailure(PlayReload.scala:29)
	at play.sbt.run.PlayReload$.$anonfun$compile$3(PlayReload.scala:64)
	at scala.util.Either$LeftProjection.map(Either.scala:569)
	at play.sbt.run.PlayReload$.compile(PlayReload.scala:64)
	at play.sbt.run.PlayRun$.$anonfun$playRunTask$4(PlayRun.scala:80)
	at play.runsupport.Reloader.$anonfun$reload$1(Reloader.scala:501)
	at play.runsupport.Reloader$$anon$1.run(Reloader.scala:58)
	at java.base/java.security.AccessController.doPrivileged(Native Method)
	at play.runsupport.Reloader$.play$runsupport$Reloader$$withReloaderContextClassLoader(Reloader.scala:64)
	at play.runsupport.Reloader.reload(Reloader.scala:501)
	at play.core.server.DevServerStart$$anon$1.get(DevServerStart.scala:143)
	at play.core.server.AkkaHttpServer.handleRequest(AkkaHttpServer.scala:304)
	at play.core.server.AkkaHttpServer.$anonfun$createServerBinding$1(AkkaHttpServer.scala:189)
	at akka.stream.impl.fusing.MapAsync$$anon$30.onPush(Ops.scala:1262)
	at akka.stream.impl.fusing.GraphInterpreter.processPush(GraphInterpreter.scala:523)
	at akka.stream.impl.fusing.GraphInterpreter.execute(GraphInterpreter.scala:409)
	at akka.stream.impl.fusing.GraphInterpreterShell.runBatch(ActorGraphInterpreter.scala:599)
	at akka.stream.impl.fusing.GraphInterpreterShell$AsyncInput.execute(ActorGraphInterpreter.scala:480)
	at akka.stream.impl.fusing.GraphInterpreterShell.processEvent(ActorGraphInterpreter.scala:574)
	at akka.stream.impl.fusing.ActorGraphInterpreter.akka$stream$impl$fusing$ActorGraphInterpreter$$processEvent(ActorGraphInterpreter.scala:742)
	at akka.stream.impl.fusing.ActorGraphInterpreter$$anonfun$receive$1.applyOrElse(ActorGraphInterpreter.scala:757)
	at akka.actor.Actor.aroundReceive(Actor.scala:539)
	at akka.actor.Actor.aroundReceive$(Actor.scala:537)
	at akka.stream.impl.fusing.ActorGraphInterpreter.aroundReceive(ActorGraphInterpreter.scala:664)
	at akka.actor.ActorCell.receiveMessage(ActorCell.scala:610)
	at akka.actor.ActorCell.invoke(ActorCell.scala:579)
	at akka.dispatch.Mailbox.processMailbox(Mailbox.scala:268)
	at akka.dispatch.Mailbox.run(Mailbox.scala:229)
	at akka.dispatch.Mailbox.exec(Mailbox.scala:241)
	at akka.dispatch.forkjoin.ForkJoinTask.doExec(ForkJoinTask.java:260)
	at akka.dispatch.forkjoin.ForkJoinPool$WorkQueue.runTask(ForkJoinPool.java:1339)
	at akka.dispatch.forkjoin.ForkJoinPool.runWorker(ForkJoinPool.java:1979)
	at akka.dispatch.forkjoin.ForkJoinWorkerThread.run(ForkJoinWorkerThread.java:107)
2019-06-15 16:23:00,498 [ERROR] from application in play-dev-mode-akka.actor.default-dispatcher-33 - 

! @7c7mln76h - Internal server error, for (GET) [/assets//codemirror/lib/codemirror.css] ->
 
play.sbt.PlayExceptions$CompilationException: Compilation error[not found: value webcomponents]
	at play.sbt.PlayExceptions$CompilationException$.apply(PlayExceptions.scala:37)
	at play.sbt.PlayExceptions$CompilationException$.apply(PlayExceptions.scala:37)
	at scala.Option.map(Option.scala:146)
	at play.sbt.run.PlayReload$.$anonfun$taskFailureHandler$1(PlayReload.scala:41)
	at scala.Option.map(Option.scala:146)
	at play.sbt.run.PlayReload$.taskFailureHandler(PlayReload.scala:36)
	at play.sbt.run.PlayReload$.compileFailure(PlayReload.scala:29)
	at play.sbt.run.PlayReload$.$anonfun$compile$3(PlayReload.scala:64)
	at scala.util.Either$LeftProjection.map(Either.scala:569)
	at play.sbt.run.PlayReload$.compile(PlayReload.scala:64)
	at play.sbt.run.PlayRun$.$anonfun$playRunTask$4(PlayRun.scala:80)
	at play.runsupport.Reloader.$anonfun$reload$1(Reloader.scala:501)
	at play.runsupport.Reloader$$anon$1.run(Reloader.scala:58)
	at java.base/java.security.AccessController.doPrivileged(Native Method)
	at play.runsupport.Reloader$.play$runsupport$Reloader$$withReloaderContextClassLoader(Reloader.scala:64)
	at play.runsupport.Reloader.reload(Reloader.scala:501)
	at play.core.server.DevServerStart$$anon$1.get(DevServerStart.scala:143)
	at play.core.server.AkkaHttpServer.handleRequest(AkkaHttpServer.scala:304)
	at play.core.server.AkkaHttpServer.$anonfun$createServerBinding$1(AkkaHttpServer.scala:189)
	at akka.stream.impl.fusing.MapAsync$$anon$30.onPush(Ops.scala:1262)
	at akka.stream.impl.fusing.GraphInterpreter.processPush(GraphInterpreter.scala:523)
	at akka.stream.impl.fusing.GraphInterpreter.execute(GraphInterpreter.scala:409)
	at akka.stream.impl.fusing.GraphInterpreterShell.runBatch(ActorGraphInterpreter.scala:599)
	at akka.stream.impl.fusing.GraphInterpreterShell$AsyncInput.execute(ActorGraphInterpreter.scala:480)
	at akka.stream.impl.fusing.GraphInterpreterShell.processEvent(ActorGraphInterpreter.scala:574)
	at akka.stream.impl.fusing.ActorGraphInterpreter.akka$stream$impl$fusing$ActorGraphInterpreter$$processEvent(ActorGraphInterpreter.scala:742)
	at akka.stream.impl.fusing.ActorGraphInterpreter$$anonfun$receive$1.applyOrElse(ActorGraphInterpreter.scala:757)
	at akka.actor.Actor.aroundReceive(Actor.scala:539)
	at akka.actor.Actor.aroundReceive$(Actor.scala:537)
	at akka.stream.impl.fusing.ActorGraphInterpreter.aroundReceive(ActorGraphInterpreter.scala:664)
	at akka.actor.ActorCell.receiveMessage(ActorCell.scala:610)
	at akka.actor.ActorCell.invoke(ActorCell.scala:579)
	at akka.dispatch.Mailbox.processMailbox(Mailbox.scala:268)
	at akka.dispatch.Mailbox.run(Mailbox.scala:229)
	at akka.dispatch.Mailbox.exec(Mailbox.scala:241)
	at akka.dispatch.forkjoin.ForkJoinTask.doExec(ForkJoinTask.java:260)
	at akka.dispatch.forkjoin.ForkJoinPool$WorkQueue.runTask(ForkJoinPool.java:1339)
	at akka.dispatch.forkjoin.ForkJoinPool.runWorker(ForkJoinPool.java:1979)
	at akka.dispatch.forkjoin.ForkJoinWorkerThread.run(ForkJoinWorkerThread.java:107)
2019-06-15 16:23:02,348 [ERROR] from application in play-dev-mode-akka.actor.default-dispatcher-34 - 

! @7c7mln9pl - Internal server error, for (GET) [/assets//javascripts/console.js] ->
 
play.sbt.PlayExceptions$CompilationException: Compilation error[not found: value webcomponents]
	at play.sbt.PlayExceptions$CompilationException$.apply(PlayExceptions.scala:37)
	at play.sbt.PlayExceptions$CompilationException$.apply(PlayExceptions.scala:37)
	at scala.Option.map(Option.scala:146)
	at play.sbt.run.PlayReload$.$anonfun$taskFailureHandler$1(PlayReload.scala:41)
	at scala.Option.map(Option.scala:146)
	at play.sbt.run.PlayReload$.taskFailureHandler(PlayReload.scala:36)
	at play.sbt.run.PlayReload$.compileFailure(PlayReload.scala:29)
	at play.sbt.run.PlayReload$.$anonfun$compile$3(PlayReload.scala:64)
	at scala.util.Either$LeftProjection.map(Either.scala:569)
	at play.sbt.run.PlayReload$.compile(PlayReload.scala:64)
	at play.sbt.run.PlayRun$.$anonfun$playRunTask$4(PlayRun.scala:80)
	at play.runsupport.Reloader.$anonfun$reload$1(Reloader.scala:501)
	at play.runsupport.Reloader$$anon$1.run(Reloader.scala:58)
	at java.base/java.security.AccessController.doPrivileged(Native Method)
	at play.runsupport.Reloader$.play$runsupport$Reloader$$withReloaderContextClassLoader(Reloader.scala:64)
	at play.runsupport.Reloader.reload(Reloader.scala:501)
	at play.core.server.DevServerStart$$anon$1.get(DevServerStart.scala:143)
	at play.core.server.AkkaHttpServer.handleRequest(AkkaHttpServer.scala:304)
	at play.core.server.AkkaHttpServer.$anonfun$createServerBinding$1(AkkaHttpServer.scala:189)
	at akka.stream.impl.fusing.MapAsync$$anon$30.onPush(Ops.scala:1262)
	at akka.stream.impl.fusing.GraphInterpreter.processPush(GraphInterpreter.scala:523)
	at akka.stream.impl.fusing.GraphInterpreter.execute(GraphInterpreter.scala:409)
	at akka.stream.impl.fusing.GraphInterpreterShell.runBatch(ActorGraphInterpreter.scala:599)
	at akka.stream.impl.fusing.GraphInterpreterShell$AsyncInput.execute(ActorGraphInterpreter.scala:480)
	at akka.stream.impl.fusing.GraphInterpreterShell.processEvent(ActorGraphInterpreter.scala:574)
	at akka.stream.impl.fusing.ActorGraphInterpreter.akka$stream$impl$fusing$ActorGraphInterpreter$$processEvent(ActorGraphInterpreter.scala:742)
	at akka.stream.impl.fusing.ActorGraphInterpreter$$anonfun$receive$1.applyOrElse(ActorGraphInterpreter.scala:757)
	at akka.actor.Actor.aroundReceive(Actor.scala:539)
	at akka.actor.Actor.aroundReceive$(Actor.scala:537)
	at akka.stream.impl.fusing.ActorGraphInterpreter.aroundReceive(ActorGraphInterpreter.scala:664)
	at akka.actor.ActorCell.receiveMessage(ActorCell.scala:610)
	at akka.actor.ActorCell.invoke(ActorCell.scala:579)
	at akka.dispatch.Mailbox.processMailbox(Mailbox.scala:268)
	at akka.dispatch.Mailbox.run(Mailbox.scala:229)
	at akka.dispatch.Mailbox.exec(Mailbox.scala:241)
	at akka.dispatch.forkjoin.ForkJoinTask.doExec(ForkJoinTask.java:260)
	at akka.dispatch.forkjoin.ForkJoinPool$WorkQueue.runTask(ForkJoinPool.java:1339)
	at akka.dispatch.forkjoin.ForkJoinPool.runWorker(ForkJoinPool.java:1979)
	at akka.dispatch.forkjoin.ForkJoinWorkerThread.run(ForkJoinWorkerThread.java:107)
2019-06-15 16:23:03,515 [ERROR] from application in play-dev-mode-akka.actor.default-dispatcher-38 - 

! @7c7mlnbii - Internal server error, for (GET) [/assets//codemirror/lib/codemirror.js] ->
 
play.sbt.PlayExceptions$CompilationException: Compilation error[not found: value webcomponents]
	at play.sbt.PlayExceptions$CompilationException$.apply(PlayExceptions.scala:37)
	at play.sbt.PlayExceptions$CompilationException$.apply(PlayExceptions.scala:37)
	at scala.Option.map(Option.scala:146)
	at play.sbt.run.PlayReload$.$anonfun$taskFailureHandler$1(PlayReload.scala:41)
	at scala.Option.map(Option.scala:146)
	at play.sbt.run.PlayReload$.taskFailureHandler(PlayReload.scala:36)
	at play.sbt.run.PlayReload$.compileFailure(PlayReload.scala:29)
	at play.sbt.run.PlayReload$.$anonfun$compile$3(PlayReload.scala:64)
	at scala.util.Either$LeftProjection.map(Either.scala:569)
	at play.sbt.run.PlayReload$.compile(PlayReload.scala:64)
	at play.sbt.run.PlayRun$.$anonfun$playRunTask$4(PlayRun.scala:80)
	at play.runsupport.Reloader.$anonfun$reload$1(Reloader.scala:501)
	at play.runsupport.Reloader$$anon$1.run(Reloader.scala:58)
	at java.base/java.security.AccessController.doPrivileged(Native Method)
	at play.runsupport.Reloader$.play$runsupport$Reloader$$withReloaderContextClassLoader(Reloader.scala:64)
	at play.runsupport.Reloader.reload(Reloader.scala:501)
	at play.core.server.DevServerStart$$anon$1.get(DevServerStart.scala:143)
	at play.core.server.AkkaHttpServer.handleRequest(AkkaHttpServer.scala:304)
	at play.core.server.AkkaHttpServer.$anonfun$createServerBinding$1(AkkaHttpServer.scala:189)
	at akka.stream.impl.fusing.MapAsync$$anon$30.onPush(Ops.scala:1262)
	at akka.stream.impl.fusing.GraphInterpreter.processPush(GraphInterpreter.scala:523)
	at akka.stream.impl.fusing.GraphInterpreter.execute(GraphInterpreter.scala:409)
	at akka.stream.impl.fusing.GraphInterpreterShell.runBatch(ActorGraphInterpreter.scala:599)
	at akka.stream.impl.fusing.GraphInterpreterShell$AsyncInput.execute(ActorGraphInterpreter.scala:480)
	at akka.stream.impl.fusing.GraphInterpreterShell.processEvent(ActorGraphInterpreter.scala:574)
	at akka.stream.impl.fusing.ActorGraphInterpreter.akka$stream$impl$fusing$ActorGraphInterpreter$$processEvent(ActorGraphInterpreter.scala:742)
	at akka.stream.impl.fusing.ActorGraphInterpreter$$anonfun$receive$1.applyOrElse(ActorGraphInterpreter.scala:757)
	at akka.actor.Actor.aroundReceive(Actor.scala:539)
	at akka.actor.Actor.aroundReceive$(Actor.scala:537)
	at akka.stream.impl.fusing.ActorGraphInterpreter.aroundReceive(ActorGraphInterpreter.scala:664)
	at akka.actor.ActorCell.receiveMessage(ActorCell.scala:610)
	at akka.actor.ActorCell.invoke(ActorCell.scala:579)
	at akka.dispatch.Mailbox.processMailbox(Mailbox.scala:268)
	at akka.dispatch.Mailbox.run(Mailbox.scala:229)
	at akka.dispatch.Mailbox.exec(Mailbox.scala:241)
	at akka.dispatch.forkjoin.ForkJoinTask.doExec(ForkJoinTask.java:260)
	at akka.dispatch.forkjoin.ForkJoinPool$WorkQueue.runTask(ForkJoinPool.java:1339)
	at akka.dispatch.forkjoin.ForkJoinPool.runWorker(ForkJoinPool.java:1979)
	at akka.dispatch.forkjoin.ForkJoinWorkerThread.run(ForkJoinWorkerThread.java:107)
2019-06-15 16:23:04,456 [ERROR] from application in play-dev-mode-akka.actor.default-dispatcher-39 - 

! @7c7mlnd2n - Internal server error, for (GET) [/assets/stylesheets/main.css] ->
 
play.sbt.PlayExceptions$CompilationException: Compilation error[not found: value webcomponents]
	at play.sbt.PlayExceptions$CompilationException$.apply(PlayExceptions.scala:37)
	at play.sbt.PlayExceptions$CompilationException$.apply(PlayExceptions.scala:37)
	at scala.Option.map(Option.scala:146)
	at play.sbt.run.PlayReload$.$anonfun$taskFailureHandler$1(PlayReload.scala:41)
	at scala.Option.map(Option.scala:146)
	at play.sbt.run.PlayReload$.taskFailureHandler(PlayReload.scala:36)
	at play.sbt.run.PlayReload$.compileFailure(PlayReload.scala:29)
	at play.sbt.run.PlayReload$.$anonfun$compile$3(PlayReload.scala:64)
	at scala.util.Either$LeftProjection.map(Either.scala:569)
	at play.sbt.run.PlayReload$.compile(PlayReload.scala:64)
	at play.sbt.run.PlayRun$.$anonfun$playRunTask$4(PlayRun.scala:80)
	at play.runsupport.Reloader.$anonfun$reload$1(Reloader.scala:501)
	at play.runsupport.Reloader$$anon$1.run(Reloader.scala:58)
	at java.base/java.security.AccessController.doPrivileged(Native Method)
	at play.runsupport.Reloader$.play$runsupport$Reloader$$withReloaderContextClassLoader(Reloader.scala:64)
	at play.runsupport.Reloader.reload(Reloader.scala:501)
	at play.core.server.DevServerStart$$anon$1.get(DevServerStart.scala:143)
	at play.core.server.AkkaHttpServer.handleRequest(AkkaHttpServer.scala:304)
	at play.core.server.AkkaHttpServer.$anonfun$createServerBinding$1(AkkaHttpServer.scala:189)
	at akka.stream.impl.fusing.MapAsync$$anon$30.onPush(Ops.scala:1262)
	at akka.stream.impl.fusing.GraphInterpreter.processPush(GraphInterpreter.scala:523)
	at akka.stream.impl.fusing.GraphInterpreter.execute(GraphInterpreter.scala:409)
	at akka.stream.impl.fusing.GraphInterpreterShell.runBatch(ActorGraphInterpreter.scala:599)
	at akka.stream.impl.fusing.GraphInterpreterShell$AsyncInput.execute(ActorGraphInterpreter.scala:480)
	at akka.stream.impl.fusing.GraphInterpreterShell.processEvent(ActorGraphInterpreter.scala:574)
	at akka.stream.impl.fusing.ActorGraphInterpreter.akka$stream$impl$fusing$ActorGraphInterpreter$$processEvent(ActorGraphInterpreter.scala:742)
	at akka.stream.impl.fusing.ActorGraphInterpreter$$anonfun$receive$1.applyOrElse(ActorGraphInterpreter.scala:757)
	at akka.actor.Actor.aroundReceive(Actor.scala:539)
	at akka.actor.Actor.aroundReceive$(Actor.scala:537)
	at akka.stream.impl.fusing.ActorGraphInterpreter.aroundReceive(ActorGraphInterpreter.scala:664)
	at akka.actor.ActorCell.receiveMessage(ActorCell.scala:610)
	at akka.actor.ActorCell.invoke(ActorCell.scala:579)
	at akka.dispatch.Mailbox.processMailbox(Mailbox.scala:268)
	at akka.dispatch.Mailbox.run(Mailbox.scala:229)
	at akka.dispatch.Mailbox.exec(Mailbox.scala:241)
	at akka.dispatch.forkjoin.ForkJoinTask.doExec(ForkJoinTask.java:260)
	at akka.dispatch.forkjoin.ForkJoinPool$WorkQueue.runTask(ForkJoinPool.java:1339)
	at akka.dispatch.forkjoin.ForkJoinPool.runWorker(ForkJoinPool.java:1979)
	at akka.dispatch.forkjoin.ForkJoinWorkerThread.run(ForkJoinWorkerThread.java:107)
2019-06-15 16:23:05,352 [ERROR] from application in play-dev-mode-akka.actor.default-dispatcher-36 - 

! @7c7mlneba - Internal server error, for (GET) [/assets//node_modules/@webcomponents/webcomponentsjs/webcomponents-loader.js] ->
 
play.sbt.PlayExceptions$CompilationException: Compilation error[not found: value webcomponents]
	at play.sbt.PlayExceptions$CompilationException$.apply(PlayExceptions.scala:37)
	at play.sbt.PlayExceptions$CompilationException$.apply(PlayExceptions.scala:37)
	at scala.Option.map(Option.scala:146)
	at play.sbt.run.PlayReload$.$anonfun$taskFailureHandler$1(PlayReload.scala:41)
	at scala.Option.map(Option.scala:146)
	at play.sbt.run.PlayReload$.taskFailureHandler(PlayReload.scala:36)
	at play.sbt.run.PlayReload$.compileFailure(PlayReload.scala:29)
	at play.sbt.run.PlayReload$.$anonfun$compile$3(PlayReload.scala:64)
	at scala.util.Either$LeftProjection.map(Either.scala:569)
	at play.sbt.run.PlayReload$.compile(PlayReload.scala:64)
	at play.sbt.run.PlayRun$.$anonfun$playRunTask$4(PlayRun.scala:80)
	at play.runsupport.Reloader.$anonfun$reload$1(Reloader.scala:501)
	at play.runsupport.Reloader$$anon$1.run(Reloader.scala:58)
	at java.base/java.security.AccessController.doPrivileged(Native Method)
	at play.runsupport.Reloader$.play$runsupport$Reloader$$withReloaderContextClassLoader(Reloader.scala:64)
	at play.runsupport.Reloader.reload(Reloader.scala:501)
	at play.core.server.DevServerStart$$anon$1.get(DevServerStart.scala:143)
	at play.core.server.AkkaHttpServer.handleRequest(AkkaHttpServer.scala:304)
	at play.core.server.AkkaHttpServer.$anonfun$createServerBinding$1(AkkaHttpServer.scala:189)
	at akka.stream.impl.fusing.MapAsync$$anon$30.onPush(Ops.scala:1262)
	at akka.stream.impl.fusing.GraphInterpreter.processPush(GraphInterpreter.scala:523)
	at akka.stream.impl.fusing.GraphInterpreter.execute(GraphInterpreter.scala:409)
	at akka.stream.impl.fusing.GraphInterpreterShell.runBatch(ActorGraphInterpreter.scala:599)
	at akka.stream.impl.fusing.GraphInterpreterShell$AsyncInput.execute(ActorGraphInterpreter.scala:480)
	at akka.stream.impl.fusing.GraphInterpreterShell.processEvent(ActorGraphInterpreter.scala:574)
	at akka.stream.impl.fusing.ActorGraphInterpreter.akka$stream$impl$fusing$ActorGraphInterpreter$$processEvent(ActorGraphInterpreter.scala:742)
	at akka.stream.impl.fusing.ActorGraphInterpreter$$anonfun$receive$1.applyOrElse(ActorGraphInterpreter.scala:757)
	at akka.actor.Actor.aroundReceive(Actor.scala:539)
	at akka.actor.Actor.aroundReceive$(Actor.scala:537)
	at akka.stream.impl.fusing.ActorGraphInterpreter.aroundReceive(ActorGraphInterpreter.scala:664)
	at akka.actor.ActorCell.receiveMessage(ActorCell.scala:610)
	at akka.actor.ActorCell.invoke(ActorCell.scala:579)
	at akka.dispatch.Mailbox.processMailbox(Mailbox.scala:268)
	at akka.dispatch.Mailbox.run(Mailbox.scala:229)
	at akka.dispatch.Mailbox.exec(Mailbox.scala:241)
	at akka.dispatch.forkjoin.ForkJoinTask.doExec(ForkJoinTask.java:260)
	at akka.dispatch.forkjoin.ForkJoinPool$WorkQueue.runTask(ForkJoinPool.java:1339)
	at akka.dispatch.forkjoin.ForkJoinPool.runWorker(ForkJoinPool.java:1979)
	at akka.dispatch.forkjoin.ForkJoinWorkerThread.run(ForkJoinWorkerThread.java:107)
2019-06-15 16:23:06,269 [ERROR] from application in play-dev-mode-akka.actor.default-dispatcher-3 - 

! @7c7mlnfkg - Internal server error, for (GET) [/assets//modules/code-playground.js] ->
 
play.sbt.PlayExceptions$CompilationException: Compilation error[not found: value webcomponents]
	at play.sbt.PlayExceptions$CompilationException$.apply(PlayExceptions.scala:37)
	at play.sbt.PlayExceptions$CompilationException$.apply(PlayExceptions.scala:37)
	at scala.Option.map(Option.scala:146)
	at play.sbt.run.PlayReload$.$anonfun$taskFailureHandler$1(PlayReload.scala:41)
	at scala.Option.map(Option.scala:146)
	at play.sbt.run.PlayReload$.taskFailureHandler(PlayReload.scala:36)
	at play.sbt.run.PlayReload$.compileFailure(PlayReload.scala:29)
	at play.sbt.run.PlayReload$.$anonfun$compile$3(PlayReload.scala:64)
	at scala.util.Either$LeftProjection.map(Either.scala:569)
	at play.sbt.run.PlayReload$.compile(PlayReload.scala:64)
	at play.sbt.run.PlayRun$.$anonfun$playRunTask$4(PlayRun.scala:80)
	at play.runsupport.Reloader.$anonfun$reload$1(Reloader.scala:501)
	at play.runsupport.Reloader$$anon$1.run(Reloader.scala:58)
	at java.base/java.security.AccessController.doPrivileged(Native Method)
	at play.runsupport.Reloader$.play$runsupport$Reloader$$withReloaderContextClassLoader(Reloader.scala:64)
	at play.runsupport.Reloader.reload(Reloader.scala:501)
	at play.core.server.DevServerStart$$anon$1.get(DevServerStart.scala:143)
	at play.core.server.AkkaHttpServer.handleRequest(AkkaHttpServer.scala:304)
	at play.core.server.AkkaHttpServer.$anonfun$createServerBinding$1(AkkaHttpServer.scala:189)
	at akka.stream.impl.fusing.MapAsync$$anon$30.onPush(Ops.scala:1262)
	at akka.stream.impl.fusing.GraphInterpreter.processPush(GraphInterpreter.scala:523)
	at akka.stream.impl.fusing.GraphInterpreter.execute(GraphInterpreter.scala:409)
	at akka.stream.impl.fusing.GraphInterpreterShell.runBatch(ActorGraphInterpreter.scala:599)
	at akka.stream.impl.fusing.GraphInterpreterShell$AsyncInput.execute(ActorGraphInterpreter.scala:480)
	at akka.stream.impl.fusing.GraphInterpreterShell.processEvent(ActorGraphInterpreter.scala:574)
	at akka.stream.impl.fusing.ActorGraphInterpreter.akka$stream$impl$fusing$ActorGraphInterpreter$$processEvent(ActorGraphInterpreter.scala:742)
	at akka.stream.impl.fusing.ActorGraphInterpreter$$anonfun$receive$1.applyOrElse(ActorGraphInterpreter.scala:757)
	at akka.actor.Actor.aroundReceive(Actor.scala:539)
	at akka.actor.Actor.aroundReceive$(Actor.scala:537)
	at akka.stream.impl.fusing.ActorGraphInterpreter.aroundReceive(ActorGraphInterpreter.scala:664)
	at akka.actor.ActorCell.receiveMessage(ActorCell.scala:610)
	at akka.actor.ActorCell.invoke(ActorCell.scala:579)
	at akka.dispatch.Mailbox.processMailbox(Mailbox.scala:268)
	at akka.dispatch.Mailbox.run(Mailbox.scala:229)
	at akka.dispatch.Mailbox.exec(Mailbox.scala:241)
	at akka.dispatch.forkjoin.ForkJoinTask.doExec(ForkJoinTask.java:260)
	at akka.dispatch.forkjoin.ForkJoinPool$WorkQueue.runTask(ForkJoinPool.java:1339)
	at akka.dispatch.forkjoin.ForkJoinPool.runWorker(ForkJoinPool.java:1979)
	at akka.dispatch.forkjoin.ForkJoinWorkerThread.run(ForkJoinWorkerThread.java:107)
2019-06-15 16:23:20,108 [INFO] from play.api.http.EnabledFilters in play-dev-mode-akka.actor.default-dispatcher-34 - Enabled Filters (see <https://www.playframework.com/documentation/latest/Filters>):

    play.filters.csrf.CSRFFilter
    play.filters.headers.SecurityHeadersFilter
    play.filters.hosts.AllowedHostsFilter

2019-06-15 16:23:20,136 [INFO] from play.api.Play in play-dev-mode-akka.actor.default-dispatcher-34 - Application started (Dev) (no global state)
2019-06-15 16:23:36,269 [INFO] from play.api.http.EnabledFilters in play-dev-mode-akka.actor.default-dispatcher-39 - Enabled Filters (see <https://www.playframework.com/documentation/latest/Filters>):

    play.filters.csrf.CSRFFilter
    play.filters.headers.SecurityHeadersFilter
    play.filters.hosts.AllowedHostsFilter

2019-06-15 16:23:36,299 [INFO] from play.api.Play in play-dev-mode-akka.actor.default-dispatcher-39 - Application started (Dev) (no global state)
2019-06-15 16:24:53,678 [INFO] from play.api.http.EnabledFilters in play-dev-mode-akka.actor.default-dispatcher-39 - Enabled Filters (see <https://www.playframework.com/documentation/latest/Filters>):

    play.filters.csrf.CSRFFilter
    play.filters.headers.SecurityHeadersFilter
    play.filters.hosts.AllowedHostsFilter

2019-06-15 16:24:53,686 [INFO] from play.api.Play in play-dev-mode-akka.actor.default-dispatcher-39 - Application started (Dev) (no global state)
2019-06-15 16:26:51,645 [INFO] from play.api.http.EnabledFilters in play-dev-mode-akka.actor.default-dispatcher-36 - Enabled Filters (see <https://www.playframework.com/documentation/latest/Filters>):

    play.filters.csrf.CSRFFilter
    play.filters.headers.SecurityHeadersFilter
    play.filters.hosts.AllowedHostsFilter

2019-06-15 16:26:51,661 [INFO] from play.api.Play in play-dev-mode-akka.actor.default-dispatcher-36 - Application started (Dev) (no global state)
2019-06-15 16:29:51,833 [INFO] from play.api.http.EnabledFilters in play-dev-mode-akka.actor.default-dispatcher-90 - Enabled Filters (see <https://www.playframework.com/documentation/latest/Filters>):

    play.filters.csrf.CSRFFilter
    play.filters.headers.SecurityHeadersFilter
    play.filters.hosts.AllowedHostsFilter

2019-06-15 16:29:51,848 [INFO] from play.api.Play in play-dev-mode-akka.actor.default-dispatcher-90 - Application started (Dev) (no global state)
2019-06-15 18:58:23,967 [INFO] from play.api.http.EnabledFilters in play-dev-mode-akka.actor.default-dispatcher-106 - Enabled Filters (see <https://www.playframework.com/documentation/latest/Filters>):

    play.filters.csrf.CSRFFilter
    play.filters.headers.SecurityHeadersFilter
    play.filters.hosts.AllowedHostsFilter

2019-06-15 18:58:23,980 [INFO] from play.api.Play in play-dev-mode-akka.actor.default-dispatcher-106 - Application started (Dev) (no global state)
2019-06-15 18:58:52,029 [INFO] from play.api.http.EnabledFilters in play-dev-mode-akka.actor.default-dispatcher-109 - Enabled Filters (see <https://www.playframework.com/documentation/latest/Filters>):

    play.filters.csrf.CSRFFilter
    play.filters.headers.SecurityHeadersFilter
    play.filters.hosts.AllowedHostsFilter

2019-06-15 18:58:52,036 [INFO] from play.api.Play in play-dev-mode-akka.actor.default-dispatcher-109 - Application started (Dev) (no global state)
2019-06-15 19:00:07,621 [INFO] from play.api.http.EnabledFilters in play-dev-mode-akka.actor.default-dispatcher-110 - Enabled Filters (see <https://www.playframework.com/documentation/latest/Filters>):

    play.filters.csrf.CSRFFilter
    play.filters.headers.SecurityHeadersFilter
    play.filters.hosts.AllowedHostsFilter

2019-06-15 19:00:07,628 [INFO] from play.api.Play in play-dev-mode-akka.actor.default-dispatcher-110 - Application started (Dev) (no global state)
2019-06-15 19:00:33,787 [INFO] from play.api.http.EnabledFilters in play-dev-mode-akka.actor.default-dispatcher-110 - Enabled Filters (see <https://www.playframework.com/documentation/latest/Filters>):

    play.filters.csrf.CSRFFilter
    play.filters.headers.SecurityHeadersFilter
    play.filters.hosts.AllowedHostsFilter

2019-06-15 19:00:33,796 [INFO] from play.api.Play in play-dev-mode-akka.actor.default-dispatcher-110 - Application started (Dev) (no global state)
2019-06-15 19:00:55,583 [INFO] from play.api.http.EnabledFilters in play-dev-mode-akka.actor.default-dispatcher-111 - Enabled Filters (see <https://www.playframework.com/documentation/latest/Filters>):

    play.filters.csrf.CSRFFilter
    play.filters.headers.SecurityHeadersFilter
    play.filters.hosts.AllowedHostsFilter

2019-06-15 19:00:55,588 [INFO] from play.api.Play in play-dev-mode-akka.actor.default-dispatcher-111 - Application started (Dev) (no global state)
2019-06-15 19:01:43,638 [INFO] from play.api.http.EnabledFilters in play-dev-mode-akka.actor.default-dispatcher-109 - Enabled Filters (see <https://www.playframework.com/documentation/latest/Filters>):

    play.filters.csrf.CSRFFilter
    play.filters.headers.SecurityHeadersFilter
    play.filters.hosts.AllowedHostsFilter

2019-06-15 19:01:43,645 [INFO] from play.api.Play in play-dev-mode-akka.actor.default-dispatcher-109 - Application started (Dev) (no global state)
2019-06-15 19:04:15,285 [INFO] from play.api.http.EnabledFilters in play-dev-mode-akka.actor.default-dispatcher-147 - Enabled Filters (see <https://www.playframework.com/documentation/latest/Filters>):

    play.filters.csrf.CSRFFilter
    play.filters.headers.SecurityHeadersFilter
    play.filters.hosts.AllowedHostsFilter

2019-06-15 19:04:15,290 [INFO] from play.api.Play in play-dev-mode-akka.actor.default-dispatcher-147 - Application started (Dev) (no global state)
2019-06-15 19:04:44,040 [INFO] from play.api.http.EnabledFilters in play-dev-mode-akka.actor.default-dispatcher-150 - Enabled Filters (see <https://www.playframework.com/documentation/latest/Filters>):

    play.filters.csrf.CSRFFilter
    play.filters.headers.SecurityHeadersFilter
    play.filters.hosts.AllowedHostsFilter

2019-06-15 19:04:44,053 [INFO] from play.api.Play in play-dev-mode-akka.actor.default-dispatcher-150 - Application started (Dev) (no global state)
2019-06-15 19:04:55,683 [INFO] from play.api.http.EnabledFilters in play-dev-mode-akka.actor.default-dispatcher-152 - Enabled Filters (see <https://www.playframework.com/documentation/latest/Filters>):

    play.filters.csrf.CSRFFilter
    play.filters.headers.SecurityHeadersFilter
    play.filters.hosts.AllowedHostsFilter

2019-06-15 19:04:55,688 [INFO] from play.api.Play in play-dev-mode-akka.actor.default-dispatcher-152 - Application started (Dev) (no global state)
2019-06-15 19:05:56,655 [INFO] from play.api.http.EnabledFilters in play-dev-mode-akka.actor.default-dispatcher-152 - Enabled Filters (see <https://www.playframework.com/documentation/latest/Filters>):

    play.filters.csrf.CSRFFilter
    play.filters.headers.SecurityHeadersFilter
    play.filters.hosts.AllowedHostsFilter

2019-06-15 19:05:56,659 [INFO] from play.api.Play in play-dev-mode-akka.actor.default-dispatcher-152 - Application started (Dev) (no global state)
2019-06-15 19:06:12,040 [INFO] from play.api.http.EnabledFilters in play-dev-mode-akka.actor.default-dispatcher-151 - Enabled Filters (see <https://www.playframework.com/documentation/latest/Filters>):

    play.filters.csrf.CSRFFilter
    play.filters.headers.SecurityHeadersFilter
    play.filters.hosts.AllowedHostsFilter

2019-06-15 19:06:12,045 [INFO] from play.api.Play in play-dev-mode-akka.actor.default-dispatcher-151 - Application started (Dev) (no global state)
2019-06-15 19:09:55,172 [INFO] from play.api.http.EnabledFilters in play-dev-mode-akka.actor.default-dispatcher-164 - Enabled Filters (see <https://www.playframework.com/documentation/latest/Filters>):

    play.filters.csrf.CSRFFilter
    play.filters.headers.SecurityHeadersFilter
    play.filters.hosts.AllowedHostsFilter

2019-06-15 19:09:55,176 [INFO] from play.api.Play in play-dev-mode-akka.actor.default-dispatcher-164 - Application started (Dev) (no global state)
2019-06-15 19:10:38,839 [INFO] from play.api.http.EnabledFilters in play-dev-mode-akka.actor.default-dispatcher-162 - Enabled Filters (see <https://www.playframework.com/documentation/latest/Filters>):

    play.filters.csrf.CSRFFilter
    play.filters.headers.SecurityHeadersFilter
    play.filters.hosts.AllowedHostsFilter

2019-06-15 19:10:38,844 [INFO] from play.api.Play in play-dev-mode-akka.actor.default-dispatcher-162 - Application started (Dev) (no global state)
2019-06-15 19:11:05,248 [INFO] from play.api.http.EnabledFilters in play-dev-mode-akka.actor.default-dispatcher-164 - Enabled Filters (see <https://www.playframework.com/documentation/latest/Filters>):

    play.filters.csrf.CSRFFilter
    play.filters.headers.SecurityHeadersFilter
    play.filters.hosts.AllowedHostsFilter

2019-06-15 19:11:05,254 [INFO] from play.api.Play in play-dev-mode-akka.actor.default-dispatcher-164 - Application started (Dev) (no global state)
2019-06-15 19:11:37,886 [INFO] from play.api.http.EnabledFilters in play-dev-mode-akka.actor.default-dispatcher-168 - Enabled Filters (see <https://www.playframework.com/documentation/latest/Filters>):

    play.filters.csrf.CSRFFilter
    play.filters.headers.SecurityHeadersFilter
    play.filters.hosts.AllowedHostsFilter

2019-06-15 19:11:37,892 [INFO] from play.api.Play in play-dev-mode-akka.actor.default-dispatcher-168 - Application started (Dev) (no global state)
2019-06-15 19:12:18,321 [INFO] from play.api.http.EnabledFilters in play-dev-mode-akka.actor.default-dispatcher-165 - Enabled Filters (see <https://www.playframework.com/documentation/latest/Filters>):

    play.filters.csrf.CSRFFilter
    play.filters.headers.SecurityHeadersFilter
    play.filters.hosts.AllowedHostsFilter

2019-06-15 19:12:18,339 [INFO] from play.api.Play in play-dev-mode-akka.actor.default-dispatcher-165 - Application started (Dev) (no global state)
2019-06-15 19:13:29,587 [INFO] from play.api.http.EnabledFilters in play-dev-mode-akka.actor.default-dispatcher-165 - Enabled Filters (see <https://www.playframework.com/documentation/latest/Filters>):

    play.filters.csrf.CSRFFilter
    play.filters.headers.SecurityHeadersFilter
    play.filters.hosts.AllowedHostsFilter

2019-06-15 19:13:29,595 [INFO] from play.api.Play in play-dev-mode-akka.actor.default-dispatcher-165 - Application started (Dev) (no global state)
2019-06-15 19:13:55,586 [INFO] from play.api.http.EnabledFilters in play-dev-mode-akka.actor.default-dispatcher-165 - Enabled Filters (see <https://www.playframework.com/documentation/latest/Filters>):

    play.filters.csrf.CSRFFilter
    play.filters.headers.SecurityHeadersFilter
    play.filters.hosts.AllowedHostsFilter

2019-06-15 19:13:55,597 [INFO] from play.api.Play in play-dev-mode-akka.actor.default-dispatcher-165 - Application started (Dev) (no global state)
2019-06-15 19:28:15,115 [INFO] from play.api.http.EnabledFilters in play-dev-mode-akka.actor.default-dispatcher-232 - Enabled Filters (see <https://www.playframework.com/documentation/latest/Filters>):

    play.filters.csrf.CSRFFilter
    play.filters.headers.SecurityHeadersFilter
    play.filters.hosts.AllowedHostsFilter

2019-06-15 19:28:15,119 [INFO] from play.api.Play in play-dev-mode-akka.actor.default-dispatcher-232 - Application started (Dev) (no global state)
2019-06-15 19:38:12,029 [INFO] from play.api.http.EnabledFilters in play-dev-mode-akka.actor.default-dispatcher-281 - Enabled Filters (see <https://www.playframework.com/documentation/latest/Filters>):

    play.filters.csrf.CSRFFilter
    play.filters.headers.SecurityHeadersFilter
    play.filters.hosts.AllowedHostsFilter

2019-06-15 19:38:12,037 [INFO] from play.api.Play in play-dev-mode-akka.actor.default-dispatcher-281 - Application started (Dev) (no global state)
2019-06-15 19:39:26,528 [INFO] from play.api.http.EnabledFilters in play-dev-mode-akka.actor.default-dispatcher-287 - Enabled Filters (see <https://www.playframework.com/documentation/latest/Filters>):

    play.filters.csrf.CSRFFilter
    play.filters.headers.SecurityHeadersFilter
    play.filters.hosts.AllowedHostsFilter

2019-06-15 19:39:26,534 [INFO] from play.api.Play in play-dev-mode-akka.actor.default-dispatcher-287 - Application started (Dev) (no global state)
2019-06-15 20:23:16,883 [INFO] from play.api.http.EnabledFilters in play-dev-mode-akka.actor.default-dispatcher-511 - Enabled Filters (see <https://www.playframework.com/documentation/latest/Filters>):

    play.filters.csrf.CSRFFilter
    play.filters.headers.SecurityHeadersFilter
    play.filters.hosts.AllowedHostsFilter

2019-06-15 20:23:16,887 [INFO] from play.api.Play in play-dev-mode-akka.actor.default-dispatcher-511 - Application started (Dev) (no global state)
2019-06-15 20:23:43,578 [INFO] from play.api.http.EnabledFilters in play-dev-mode-akka.actor.default-dispatcher-513 - Enabled Filters (see <https://www.playframework.com/documentation/latest/Filters>):

    play.filters.csrf.CSRFFilter
    play.filters.headers.SecurityHeadersFilter
    play.filters.hosts.AllowedHostsFilter

2019-06-15 20:23:43,582 [INFO] from play.api.Play in play-dev-mode-akka.actor.default-dispatcher-513 - Application started (Dev) (no global state)
2019-06-15 20:30:06,930 [INFO] from play.api.http.EnabledFilters in play-dev-mode-akka.actor.default-dispatcher-531 - Enabled Filters (see <https://www.playframework.com/documentation/latest/Filters>):

    play.filters.csrf.CSRFFilter
    play.filters.headers.SecurityHeadersFilter
    play.filters.hosts.AllowedHostsFilter

2019-06-15 20:30:06,935 [INFO] from play.api.Play in play-dev-mode-akka.actor.default-dispatcher-531 - Application started (Dev) (no global state)
2019-06-15 20:33:05,509 [INFO] from play.api.http.EnabledFilters in play-dev-mode-akka.actor.default-dispatcher-568 - Enabled Filters (see <https://www.playframework.com/documentation/latest/Filters>):

    play.filters.csrf.CSRFFilter
    play.filters.headers.SecurityHeadersFilter
    play.filters.hosts.AllowedHostsFilter

2019-06-15 20:33:05,514 [INFO] from play.api.Play in play-dev-mode-akka.actor.default-dispatcher-568 - Application started (Dev) (no global state)
2019-06-15 20:34:17,046 [INFO] from play.api.http.EnabledFilters in play-dev-mode-akka.actor.default-dispatcher-533 - Enabled Filters (see <https://www.playframework.com/documentation/latest/Filters>):

    play.filters.csrf.CSRFFilter
    play.filters.headers.SecurityHeadersFilter
    play.filters.hosts.AllowedHostsFilter

2019-06-15 20:34:17,049 [INFO] from play.api.Play in play-dev-mode-akka.actor.default-dispatcher-533 - Application started (Dev) (no global state)
2019-06-15 20:38:20,766 [INFO] from play.api.http.EnabledFilters in play-dev-mode-akka.actor.default-dispatcher-590 - Enabled Filters (see <https://www.playframework.com/documentation/latest/Filters>):

    play.filters.csrf.CSRFFilter
    play.filters.headers.SecurityHeadersFilter
    play.filters.hosts.AllowedHostsFilter

2019-06-15 20:38:20,771 [INFO] from play.api.Play in play-dev-mode-akka.actor.default-dispatcher-590 - Application started (Dev) (no global state)
2019-06-15 20:38:38,550 [INFO] from play.api.http.EnabledFilters in play-dev-mode-akka.actor.default-dispatcher-566 - Enabled Filters (see <https://www.playframework.com/documentation/latest/Filters>):

    play.filters.csrf.CSRFFilter
    play.filters.headers.SecurityHeadersFilter
    play.filters.hosts.AllowedHostsFilter

2019-06-15 20:38:38,553 [INFO] from play.api.Play in play-dev-mode-akka.actor.default-dispatcher-566 - Application started (Dev) (no global state)
2019-06-15 20:46:02,869 [INFO] from play.api.http.EnabledFilters in play-dev-mode-akka.actor.default-dispatcher-632 - Enabled Filters (see <https://www.playframework.com/documentation/latest/Filters>):

    play.filters.csrf.CSRFFilter
    play.filters.headers.SecurityHeadersFilter
    play.filters.hosts.AllowedHostsFilter

2019-06-15 20:46:02,873 [INFO] from play.api.Play in play-dev-mode-akka.actor.default-dispatcher-632 - Application started (Dev) (no global state)
2019-06-15 20:46:40,611 [INFO] from play.api.http.EnabledFilters in play-dev-mode-akka.actor.default-dispatcher-630 - Enabled Filters (see <https://www.playframework.com/documentation/latest/Filters>):

    play.filters.csrf.CSRFFilter
    play.filters.headers.SecurityHeadersFilter
    play.filters.hosts.AllowedHostsFilter

2019-06-15 20:46:40,624 [INFO] from play.api.Play in play-dev-mode-akka.actor.default-dispatcher-630 - Application started (Dev) (no global state)
2019-06-15 20:46:58,904 [INFO] from play.api.http.EnabledFilters in play-dev-mode-akka.actor.default-dispatcher-630 - Enabled Filters (see <https://www.playframework.com/documentation/latest/Filters>):

    play.filters.csrf.CSRFFilter
    play.filters.headers.SecurityHeadersFilter
    play.filters.hosts.AllowedHostsFilter

2019-06-15 20:46:58,910 [INFO] from play.api.Play in play-dev-mode-akka.actor.default-dispatcher-630 - Application started (Dev) (no global state)
2019-06-15 20:47:13,535 [INFO] from play.api.http.EnabledFilters in play-dev-mode-akka.actor.default-dispatcher-631 - Enabled Filters (see <https://www.playframework.com/documentation/latest/Filters>):

    play.filters.csrf.CSRFFilter
    play.filters.headers.SecurityHeadersFilter
    play.filters.hosts.AllowedHostsFilter

2019-06-15 20:47:13,539 [INFO] from play.api.Play in play-dev-mode-akka.actor.default-dispatcher-631 - Application started (Dev) (no global state)
2019-06-15 20:47:35,760 [INFO] from play.api.http.EnabledFilters in play-dev-mode-akka.actor.default-dispatcher-629 - Enabled Filters (see <https://www.playframework.com/documentation/latest/Filters>):

    play.filters.csrf.CSRFFilter
    play.filters.headers.SecurityHeadersFilter
    play.filters.hosts.AllowedHostsFilter

2019-06-15 20:47:35,763 [INFO] from play.api.Play in play-dev-mode-akka.actor.default-dispatcher-629 - Application started (Dev) (no global state)
2019-06-15 20:47:46,569 [INFO] from play.api.http.EnabledFilters in play-dev-mode-akka.actor.default-dispatcher-631 - Enabled Filters (see <https://www.playframework.com/documentation/latest/Filters>):

    play.filters.csrf.CSRFFilter
    play.filters.headers.SecurityHeadersFilter
    play.filters.hosts.AllowedHostsFilter

2019-06-15 20:47:46,574 [INFO] from play.api.Play in play-dev-mode-akka.actor.default-dispatcher-631 - Application started (Dev) (no global state)
2019-06-15 20:48:08,001 [INFO] from play.api.http.EnabledFilters in play-dev-mode-akka.actor.default-dispatcher-634 - Enabled Filters (see <https://www.playframework.com/documentation/latest/Filters>):

    play.filters.csrf.CSRFFilter
    play.filters.headers.SecurityHeadersFilter
    play.filters.hosts.AllowedHostsFilter

2019-06-15 20:48:08,005 [INFO] from play.api.Play in play-dev-mode-akka.actor.default-dispatcher-634 - Application started (Dev) (no global state)
2019-06-15 20:48:52,082 [INFO] from play.api.http.EnabledFilters in play-dev-mode-akka.actor.default-dispatcher-634 - Enabled Filters (see <https://www.playframework.com/documentation/latest/Filters>):

    play.filters.csrf.CSRFFilter
    play.filters.headers.SecurityHeadersFilter
    play.filters.hosts.AllowedHostsFilter

2019-06-15 20:48:52,085 [INFO] from play.api.Play in play-dev-mode-akka.actor.default-dispatcher-634 - Application started (Dev) (no global state)
2019-06-15 20:49:04,045 [INFO] from play.api.http.EnabledFilters in play-dev-mode-akka.actor.default-dispatcher-629 - Enabled Filters (see <https://www.playframework.com/documentation/latest/Filters>):

    play.filters.csrf.CSRFFilter
    play.filters.headers.SecurityHeadersFilter
    play.filters.hosts.AllowedHostsFilter

2019-06-15 20:49:04,052 [INFO] from play.api.Play in play-dev-mode-akka.actor.default-dispatcher-629 - Application started (Dev) (no global state)
2019-06-15 20:49:38,841 [INFO] from play.api.http.EnabledFilters in play-dev-mode-akka.actor.default-dispatcher-632 - Enabled Filters (see <https://www.playframework.com/documentation/latest/Filters>):

    play.filters.csrf.CSRFFilter
    play.filters.headers.SecurityHeadersFilter
    play.filters.hosts.AllowedHostsFilter

2019-06-15 20:49:38,845 [INFO] from play.api.Play in play-dev-mode-akka.actor.default-dispatcher-632 - Application started (Dev) (no global state)
2019-06-15 20:50:45,237 [INFO] from play.api.http.EnabledFilters in play-dev-mode-akka.actor.default-dispatcher-630 - Enabled Filters (see <https://www.playframework.com/documentation/latest/Filters>):

    play.filters.csrf.CSRFFilter
    play.filters.headers.SecurityHeadersFilter
    play.filters.hosts.AllowedHostsFilter

2019-06-15 20:50:45,241 [INFO] from play.api.Play in play-dev-mode-akka.actor.default-dispatcher-630 - Application started (Dev) (no global state)
2019-06-15 20:51:25,496 [INFO] from play.api.http.EnabledFilters in play-dev-mode-akka.actor.default-dispatcher-633 - Enabled Filters (see <https://www.playframework.com/documentation/latest/Filters>):

    play.filters.csrf.CSRFFilter
    play.filters.headers.SecurityHeadersFilter
    play.filters.hosts.AllowedHostsFilter

2019-06-15 20:51:25,502 [INFO] from play.api.Play in play-dev-mode-akka.actor.default-dispatcher-633 - Application started (Dev) (no global state)
2019-06-15 20:51:55,595 [INFO] from play.api.http.EnabledFilters in play-dev-mode-akka.actor.default-dispatcher-631 - Enabled Filters (see <https://www.playframework.com/documentation/latest/Filters>):

    play.filters.csrf.CSRFFilter
    play.filters.headers.SecurityHeadersFilter
    play.filters.hosts.AllowedHostsFilter

2019-06-15 20:51:55,599 [INFO] from play.api.Play in play-dev-mode-akka.actor.default-dispatcher-631 - Application started (Dev) (no global state)
2019-06-15 20:53:03,286 [INFO] from play.api.http.EnabledFilters in play-dev-mode-akka.actor.default-dispatcher-631 - Enabled Filters (see <https://www.playframework.com/documentation/latest/Filters>):

    play.filters.csrf.CSRFFilter
    play.filters.headers.SecurityHeadersFilter
    play.filters.hosts.AllowedHostsFilter

2019-06-15 20:53:03,293 [INFO] from play.api.Play in play-dev-mode-akka.actor.default-dispatcher-631 - Application started (Dev) (no global state)
2019-06-15 20:54:07,716 [INFO] from play.api.http.EnabledFilters in play-dev-mode-akka.actor.default-dispatcher-630 - Enabled Filters (see <https://www.playframework.com/documentation/latest/Filters>):

    play.filters.csrf.CSRFFilter
    play.filters.headers.SecurityHeadersFilter
    play.filters.hosts.AllowedHostsFilter

2019-06-15 20:54:07,718 [INFO] from play.api.Play in play-dev-mode-akka.actor.default-dispatcher-630 - Application started (Dev) (no global state)
2019-06-15 20:54:47,263 [INFO] from play.api.http.EnabledFilters in play-dev-mode-akka.actor.default-dispatcher-635 - Enabled Filters (see <https://www.playframework.com/documentation/latest/Filters>):

    play.filters.csrf.CSRFFilter
    play.filters.headers.SecurityHeadersFilter
    play.filters.hosts.AllowedHostsFilter

2019-06-15 20:54:47,267 [INFO] from play.api.Play in play-dev-mode-akka.actor.default-dispatcher-635 - Application started (Dev) (no global state)
2019-06-15 20:55:32,790 [INFO] from play.api.http.EnabledFilters in play-dev-mode-akka.actor.default-dispatcher-634 - Enabled Filters (see <https://www.playframework.com/documentation/latest/Filters>):

    play.filters.csrf.CSRFFilter
    play.filters.headers.SecurityHeadersFilter
    play.filters.hosts.AllowedHostsFilter

2019-06-15 20:55:32,795 [INFO] from play.api.Play in play-dev-mode-akka.actor.default-dispatcher-634 - Application started (Dev) (no global state)
2019-06-15 20:57:07,814 [INFO] from play.api.http.EnabledFilters in play-dev-mode-akka.actor.default-dispatcher-635 - Enabled Filters (see <https://www.playframework.com/documentation/latest/Filters>):

    play.filters.csrf.CSRFFilter
    play.filters.headers.SecurityHeadersFilter
    play.filters.hosts.AllowedHostsFilter

2019-06-15 20:57:07,818 [INFO] from play.api.Play in play-dev-mode-akka.actor.default-dispatcher-635 - Application started (Dev) (no global state)
2019-06-15 20:57:26,138 [INFO] from play.api.http.EnabledFilters in play-dev-mode-akka.actor.default-dispatcher-635 - Enabled Filters (see <https://www.playframework.com/documentation/latest/Filters>):

    play.filters.csrf.CSRFFilter
    play.filters.headers.SecurityHeadersFilter
    play.filters.hosts.AllowedHostsFilter

2019-06-15 20:57:26,141 [INFO] from play.api.Play in play-dev-mode-akka.actor.default-dispatcher-635 - Application started (Dev) (no global state)
2019-06-15 20:57:37,559 [INFO] from play.api.http.EnabledFilters in play-dev-mode-akka.actor.default-dispatcher-634 - Enabled Filters (see <https://www.playframework.com/documentation/latest/Filters>):

    play.filters.csrf.CSRFFilter
    play.filters.headers.SecurityHeadersFilter
    play.filters.hosts.AllowedHostsFilter

2019-06-15 20:57:37,562 [INFO] from play.api.Play in play-dev-mode-akka.actor.default-dispatcher-634 - Application started (Dev) (no global state)
2019-06-15 20:58:43,889 [INFO] from play.api.http.EnabledFilters in play-dev-mode-akka.actor.default-dispatcher-630 - Enabled Filters (see <https://www.playframework.com/documentation/latest/Filters>):

    play.filters.csrf.CSRFFilter
    play.filters.headers.SecurityHeadersFilter
    play.filters.hosts.AllowedHostsFilter

2019-06-15 20:58:43,896 [INFO] from play.api.Play in play-dev-mode-akka.actor.default-dispatcher-630 - Application started (Dev) (no global state)
